OnGameModeInit() = OnGameModeInit Start
OnGameModeInit() = OnGameModeInit() took 162ms to execute
OnGameModeInit() = OnGameModeInit End
OnHousesLoaded() = OnHousesLoaded Start
OnHousesLoaded() = OnHousesLoaded() took 1ms to execute
OnHousesLoaded() = OnHousesLoaded End
ServerCoreTimer() = ServerCoreTimer Start
ServerCoreTimer() = ServerCoreTimer() took 656ms to execute
ServerCoreTimer() = ServerCoreTimer End
ServerCoreTimer() = ServerCoreTimer Start
ServerCoreTimer() = ServerCoreTimer() took 725ms to execute
ServerCoreTimer() = ServerCoreTimer End
ServerCoreTimer() = ServerCoreTimer Start
ServerCoreTimer() = ServerCoreTimer() took 668ms to execute
ServerCoreTimer() = ServerCoreTimer End
ServerCoreTimer() = ServerCoreTimer Start
ServerCoreTimer() = ServerCoreTimer() took 673ms to execute
ServerCoreTimer() = ServerCoreTimer End
ServerCoreTimer() = ServerCoreTimer Start
ServerCoreTimer() = ServerCoreTimer() took 647ms to execute
ServerCoreTimer() = ServerCoreTimer End
ServerCoreTimer() = ServerCoreTimer Start
ServerCoreTimer() = ServerCoreTimer() took 646ms to execute
ServerCoreTimer() = ServerCoreTimer End
ServerCoreTimer() = ServerCoreTimer Start
ServerCoreTimer() = ServerCoreTimer() took 653ms to execute
ServerCoreTimer() = ServerCoreTimer End
ServerCoreTimer() = ServerCoreTimer Start
ServerCoreTimer() = ServerCoreTimer() took 655ms to execute
ServerCoreTimer() = ServerCoreTimer End
ServerCoreTimer() = ServerCoreTimer Start
ServerCoreTimer() = ServerCoreTimer() took 646ms to execute
ServerCoreTimer() = ServerCoreTimer End
ServerCoreTimer() = ServerCoreTimer Start
ServerCoreTimer() = ServerCoreTimer() took 673ms to execute
ServerCoreTimer() = ServerCoreTimer End
ServerCoreTimer() = ServerCoreTimer Start
ServerCoreTimer() = ServerCoreTimer() took 650ms to execute
ServerCoreTimer() = ServerCoreTimer End
