OnGameModeInit() = OnGameModeInit Start
OnGameModeInit() = OnGameModeInit() took 1355ms to execute
OnGameModeInit() = OnGameModeInit End
ServerCoreTimer() = ServerCoreTimer Start
ServerCoreTimer() = ServerCoreTimer() took 597ms to execute
ServerCoreTimer() = ServerCoreTimer End
ServerCoreTimer() = ServerCoreTimer Start
ServerCoreTimer() = ServerCoreTimer() took 605ms to execute
ServerCoreTimer() = ServerCoreTimer End
ServerCoreTimer() = ServerCoreTimer Start
ServerCoreTimer() = ServerCoreTimer() took 596ms to execute
ServerCoreTimer() = ServerCoreTimer End
ServerCoreTimer() = ServerCoreTimer Start
ServerCoreTimer() = ServerCoreTimer() took 581ms to execute
ServerCoreTimer() = ServerCoreTimer End
ServerCoreTimer() = ServerCoreTimer Start
ServerCoreTimer() = ServerCoreTimer() took 613ms to execute
ServerCoreTimer() = ServerCoreTimer End
ServerCoreTimer() = ServerCoreTimer Start
ServerCoreTimer() = ServerCoreTimer() took 585ms to execute
ServerCoreTimer() = ServerCoreTimer End
ServerCoreTimer() = ServerCoreTimer Start
ServerCoreTimer() = ServerCoreTimer() took 619ms to execute
ServerCoreTimer() = ServerCoreTimer End
ServerCoreTimer() = ServerCoreTimer Start
ServerCoreTimer() = ServerCoreTimer() took 574ms to execute
ServerCoreTimer() = ServerCoreTimer End
ServerCoreTimer() = ServerCoreTimer Start
ServerCoreTimer() = ServerCoreTimer() took 584ms to execute
ServerCoreTimer() = ServerCoreTimer End
ServerCoreTimer() = ServerCoreTimer Start
ServerCoreTimer() = ServerCoreTimer() took 596ms to execute
ServerCoreTimer() = ServerCoreTimer End
ServerCoreTimer() = ServerCoreTimer Start
ServerCoreTimer() = ServerCoreTimer() took 591ms to execute
ServerCoreTimer() = ServerCoreTimer End
ServerCoreTimer() = ServerCoreTimer Start
ServerCoreTimer() = ServerCoreTimer() took 592ms to execute
ServerCoreTimer() = ServerCoreTimer End
ServerCoreTimer() = ServerCoreTimer Start
ServerCoreTimer() = ServerCoreTimer() took 594ms to execute
ServerCoreTimer() = ServerCoreTimer End
ServerCoreTimer() = ServerCoreTimer Start
ServerCoreTimer() = ServerCoreTimer() took 615ms to execute
ServerCoreTimer() = ServerCoreTimer End
ServerCoreTimer() = ServerCoreTimer Start
ServerCoreTimer() = ServerCoreTimer() took 590ms to execute
ServerCoreTimer() = ServerCoreTimer End
ServerCoreTimer() = ServerCoreTimer Start
ServerCoreTimer() = ServerCoreTimer() took 600ms to execute
ServerCoreTimer() = ServerCoreTimer End
ServerCoreTimer() = ServerCoreTimer Start
ServerCoreTimer() = ServerCoreTimer() took 597ms to execute
ServerCoreTimer() = ServerCoreTimer End
OnGameModeInit() = OnGameModeInit Start
OnGameModeInit() = OnGameModeInit() took 68ms to execute
OnGameModeInit() = OnGameModeInit End
OnHousesLoaded() = OnHousesLoaded Start
OnHousesLoaded() = OnHousesLoaded() took 1ms to execute
OnHousesLoaded() = OnHousesLoaded End
ServerCoreTimer() = ServerCoreTimer Start
ServerCoreTimer() = ServerCoreTimer() took 573ms to execute
ServerCoreTimer() = ServerCoreTimer End
ServerCoreTimer() = ServerCoreTimer Start
ServerCoreTimer() = ServerCoreTimer() took 565ms to execute
ServerCoreTimer() = ServerCoreTimer End
ServerCoreTimer() = ServerCoreTimer Start
ServerCoreTimer() = ServerCoreTimer() took 591ms to execute
ServerCoreTimer() = ServerCoreTimer End
ServerCoreTimer() = ServerCoreTimer Start
ServerCoreTimer() = ServerCoreTimer() took 607ms to execute
ServerCoreTimer() = ServerCoreTimer End
ServerCoreTimer() = ServerCoreTimer Start
ServerCoreTimer() = ServerCoreTimer() took 611ms to execute
ServerCoreTimer() = ServerCoreTimer End
ServerCoreTimer() = ServerCoreTimer Start
ServerCoreTimer() = ServerCoreTimer() took 568ms to execute
ServerCoreTimer() = ServerCoreTimer End
ServerCoreTimer() = ServerCoreTimer Start
ServerCoreTimer() = ServerCoreTimer() took 614ms to execute
ServerCoreTimer() = ServerCoreTimer End
ServerCoreTimer() = ServerCoreTimer Start
ServerCoreTimer() = ServerCoreTimer() took 579ms to execute
ServerCoreTimer() = ServerCoreTimer End
ServerCoreTimer() = ServerCoreTimer Start
ServerCoreTimer() = ServerCoreTimer() took 618ms to execute
ServerCoreTimer() = ServerCoreTimer End
ServerCoreTimer() = ServerCoreTimer Start
ServerCoreTimer() = ServerCoreTimer() took 631ms to execute
ServerCoreTimer() = ServerCoreTimer End
ServerCoreTimer() = ServerCoreTimer Start
ServerCoreTimer() = ServerCoreTimer() took 613ms to execute
ServerCoreTimer() = ServerCoreTimer End
ServerCoreTimer() = ServerCoreTimer Start
ServerCoreTimer() = ServerCoreTimer() took 589ms to execute
ServerCoreTimer() = ServerCoreTimer End
ServerCoreTimer() = ServerCoreTimer Start
ServerCoreTimer() = ServerCoreTimer() took 597ms to execute
ServerCoreTimer() = ServerCoreTimer End
ServerCoreTimer() = ServerCoreTimer Start
ServerCoreTimer() = ServerCoreTimer() took 587ms to execute
ServerCoreTimer() = ServerCoreTimer End
ServerCoreTimer() = ServerCoreTimer Start
ServerCoreTimer() = ServerCoreTimer() took 577ms to execute
ServerCoreTimer() = ServerCoreTimer End
ServerCoreTimer() = ServerCoreTimer Start
ServerCoreTimer() = ServerCoreTimer() took 608ms to execute
ServerCoreTimer() = ServerCoreTimer End
ServerCoreTimer() = ServerCoreTimer Start
ServerCoreTimer() = ServerCoreTimer() took 577ms to execute
ServerCoreTimer() = ServerCoreTimer End
ServerCoreTimer() = ServerCoreTimer Start
ServerCoreTimer() = ServerCoreTimer() took 626ms to execute
ServerCoreTimer() = ServerCoreTimer End
ServerCoreTimer() = ServerCoreTimer Start
ServerCoreTimer() = ServerCoreTimer() took 592ms to execute
ServerCoreTimer() = ServerCoreTimer End
ServerCoreTimer() = ServerCoreTimer Start
ServerCoreTimer() = ServerCoreTimer() took 631ms to execute
ServerCoreTimer() = ServerCoreTimer End
ServerCoreTimer() = ServerCoreTimer Start
ServerCoreTimer() = ServerCoreTimer() took 593ms to execute
ServerCoreTimer() = ServerCoreTimer End
ServerCoreTimer() = ServerCoreTimer Start
ServerCoreTimer() = ServerCoreTimer() took 574ms to execute
ServerCoreTimer() = ServerCoreTimer End
ServerCoreTimer() = ServerCoreTimer Start
ServerCoreTimer() = ServerCoreTimer() took 570ms to execute
ServerCoreTimer() = ServerCoreTimer End
ServerCoreTimer() = ServerCoreTimer Start
ServerCoreTimer() = ServerCoreTimer() took 572ms to execute
ServerCoreTimer() = ServerCoreTimer End
ServerCoreTimer() = ServerCoreTimer Start
ServerCoreTimer() = ServerCoreTimer() took 599ms to execute
ServerCoreTimer() = ServerCoreTimer End
ServerCoreTimer() = ServerCoreTimer Start
ServerCoreTimer() = ServerCoreTimer() took 602ms to execute
ServerCoreTimer() = ServerCoreTimer End
ServerCoreTimer() = ServerCoreTimer Start
ServerCoreTimer() = ServerCoreTimer() took 597ms to execute
ServerCoreTimer() = ServerCoreTimer End
ServerCoreTimer() = ServerCoreTimer Start
ServerCoreTimer() = ServerCoreTimer() took 571ms to execute
ServerCoreTimer() = ServerCoreTimer End
ServerCoreTimer() = ServerCoreTimer Start
ServerCoreTimer() = ServerCoreTimer() took 597ms to execute
ServerCoreTimer() = ServerCoreTimer End
ServerCoreTimer() = ServerCoreTimer Start
